BUILD: Computing Include file dependencies:
BUILD: null byte at offset 0x00000000
BUILD: 3963 null bytes in file
e:\code\windows2\windows2\source\tdi_fw: Do not set ntdebug.
e:\code\windows2\windows2\source\tdi_fw: 
e:\code\windows2\windows2\source\tdi_fw: Do not set ntdebug.
e:\code\windows2\windows2\source\tdi_fw: 
BUILD: Examining e:\code\windows2\windows2\source\tdi_fw directory for files to compile.
oacr invalidate root:amd64fre /autocleanqueue
1>Compiling e:\code\windows2\windows2\source\tdi_fw *************
1>'nmake.exe /nologo BUILDMSG=Stop. -i BUILD_PASS=PASS1 NOLINK=1 NOPASS0=1 MAKEDIR_RELATIVE_TO_BASEDIR='
1>e:\code\windows2\windows2\source\tdi_fw: TARGETPATH is obj
1>Rebuilding e:\code\windows2\windows2\source\tdi_fw\objfre_win7_amd64\amd64\_objects.mac .\sources.
1>path contains nonexistant c:\windows\system32\openssh\, removing
1>BUILD: Compile and Link for AMD64
1>nmake : error: e:\code\windows2\windows2\source\tdi_fw\objfre_win7_amd64\amd64\_objects.mac was changed during the build process and the build results may not be valid. Please re-build this directory.
1>errors in directory e:\code\windows2\windows2\source\tdi_fw
1>nmake : error: e:\code\windows2\windows2\source\tdi_fw\objfre_win7_amd64\amd64\_objects.mac was changed during the build process and the build results may not be valid. Please re-build this directory.
1> F:\WinDDK\7600.16385.1\Bin\amd64\oacr\oacrcl @e:\code\windows2\windows2\source\tdi_fw\objfre_win7_amd64\amd64\cl.rsp
1>Microsoft (R) C/C++ Optimizing Compiler Version 15.00.30729.207 for x64
1>Copyright (C) Microsoft Corporation.  All rights reserved.
1>cl /Fo"e:\code\windows2\windows2\source\tdi_fw\objfre_win7_amd64\amd64/"
1> /FC
1> /MT
1> /U_MT
1> /Iamd64\
1> /I.
1> /I..
1> /If:\winddk\7600.16385.1\bin\..\src\network\inc
1> /IF:\WinDDK\7600.16385.1\inc\ddk
1> /Ie:\code\windows2\windows2\source\tdi_fw\objfre_win7_amd64\amd64
1> /IF:\WinDDK\7600.16385.1\inc\api
1> /IF:\WinDDK\7600.16385.1\inc\api
1> /IF:\WinDDK\7600.16385.1\inc\crt
1> /D_WIN64
1> /D_AMD64_
1> /DAMD64
1> /DCONDITION_HANDLING=1
1> /DNT_UP=1
1> /DNT_INST=0
1> /DWIN32=100
1> /D_NT1X_=100
1> /DWINNT=1
1> /D_WIN32_WINNT=0x0601
1> /DWINVER=0x0601
1> /D_WIN32_IE=0x0800
1> /DWIN32_LEAN_AND_MEAN=1
1> /DDEVL=1
1> /D__BUILDMACHINE__=WinDDK
1> /DNDEBUG
1> -DUSE_PACKET_ENGINE
1> /DNTDDI_VERSION=0x06010000
1> /c
1> /Zc:wchar_t-
1> /Zl
1> /Zp8
1> /Gy
1> /W1
1> /WX
1> /EHs-c-
1> /GR-
1> /GF
1> /GS
1> /Z7
1> /Oxs
1> /GL
1> /Z7
1> /DKMDF_MAJOR_VERSION_STRING=01
1> /DKMDF_MINOR_VERSION_STRING=009
1> /typedil-
1> /wd4603
1> /wd4627
1> /FIF:\WinDDK\7600.16385.1\inc\api\warning.h
1> .\disp_dg.c .\disp_sr.c .\ev_recv.c 
1>disp_dg.c
1>disp_sr.c
1>ev_recv.c
1> F:\WinDDK\7600.16385.1\Bin\amd64\oacr\oacrlink /lib /out:e:\code\windows2\windows2\source\tdi_fw\objfre_win7_amd64\amd64\tdi_fw.lib /IGNORE:4198,4010,4037,4039,4065,4070,4078,4087,4089,4221,4108,4088,4218,4218,4235  /WX /nodefaultlib /machine:amd64 /ltcg @e:\code\windows2\windows2\source\tdi_fw\objfre_win7_amd64\amd64\lib.rsp
1>Microsoft (R) Library Manager Version 9.00.30729.207
1>Copyright (C) Microsoft Corporation.  All rights reserved.
1>e:\code\windows2\windows2\source\tdi_fw\objfre_win7_amd64\amd64\tdi_fw.obj 
1>e:\code\windows2\windows2\source\tdi_fw\objfre_win7_amd64\amd64\dispatch.obj 
1>e:\code\windows2\windows2\source\tdi_fw\objfre_win7_amd64\amd64\disp_conn.obj 
1>e:\code\windows2\windows2\source\tdi_fw\objfre_win7_amd64\amd64\disp_dg.obj 
1>e:\code\windows2\windows2\source\tdi_fw\objfre_win7_amd64\amd64\disp_ev.obj 
1>e:\code\windows2\windows2\source\tdi_fw\objfre_win7_amd64\amd64\disp_obj.obj 
1>e:\code\windows2\windows2\source\tdi_fw\objfre_win7_amd64\amd64\events.obj 
1>e:\code\windows2\windows2\source\tdi_fw\objfre_win7_amd64\amd64\ev_conn.obj 
1>e:\code\windows2\windows2\source\tdi_fw\objfre_win7_amd64\amd64\ev_dg.obj 
1>e:\code\windows2\windows2\source\tdi_fw\objfre_win7_amd64\amd64\filter.obj 
1>e:\code\windows2\windows2\source\tdi_fw\objfre_win7_amd64\amd64\memtrack.obj 
1>e:\code\windows2\windows2\source\tdi_fw\objfre_win7_amd64\amd64\obj_tbl.obj 
1>e:\code\windows2\windows2\source\tdi_fw\objfre_win7_amd64\amd64\sock.obj 
1>e:\code\windows2\windows2\source\tdi_fw\objfre_win7_amd64\amd64\ipc.obj 
1>e:\code\windows2\windows2\source\tdi_fw\objfre_win7_amd64\amd64\pid_pname.obj 
1>e:\code\windows2\windows2\source\tdi_fw\objfre_win7_amd64\amd64\packet.obj 
1>e:\code\windows2\windows2\source\tdi_fw\objfre_win7_amd64\amd64\conn_state.obj 
1>e:\code\windows2\windows2\source\tdi_fw\objfre_win7_amd64\amd64\sids.obj 
1>e:\code\windows2\windows2\source\tdi_fw\objfre_win7_amd64\amd64\disp_sr.obj 
1>e:\code\windows2\windows2\source\tdi_fw\objfre_win7_amd64\amd64\ev_recv.obj 
